<?xml version="1.0" encoding="UTF-8"?>
<testng-results ignored="0" total="2" passed="2" failed="0" skipped="0">
  <reporter-output>
  </reporter-output>
  <suite started-at="2024-07-29T10:50:42 IST" name="Default suite" finished-at="2024-07-29T10:50:42 IST" duration-ms="325">
    <groups>
    </groups>
    <test started-at="2024-07-29T10:50:42 IST" name="Default test" finished-at="2024-07-29T10:50:42 IST" duration-ms="325">
      <class name="pac2.OrgTest">
        <test-method signature="createOrgTest()[pri:0, instance:pac2.OrgTest@243c4f91]" started-at="2024-07-29T10:50:42 IST" name="createOrgTest" finished-at="2024-07-29T10:50:42 IST" duration-ms="82" status="PASS">
          <reporter-output>
          </reporter-output>
        </test-method> <!-- createOrgTest -->
        <test-method signature="modifyOrgTest()[pri:0, instance:pac2.OrgTest@243c4f91]" started-at="2024-07-29T10:50:42 IST" name="modifyOrgTest" finished-at="2024-07-29T10:50:42 IST" duration-ms="18" status="PASS">
          <reporter-output>
          </reporter-output>
        </test-method> <!-- modifyOrgTest -->
      </class> <!-- pac2.OrgTest -->
    </test> <!-- Default test -->
  </suite> <!-- Default suite -->
</testng-results>
