<?xml version="1.0" encoding="UTF-8"?>
<!-- Generated by org.testng.reporters.JUnitXMLReporter -->
<testsuite ignored="0" hostname="PradeepParva" failures="0" tests="4" name="Surefire test" time="0.183" errors="0" timestamp="2024-07-30T15:44:34 IST">
  <testcase classname="pac1.ContactTest" name="createContactTest" time="0.025"/>
  <testcase classname="pac1.ContactTest" name="modifyContactTest" time="0.014"/>
  <testcase classname="pac2.OrgTest" name="createOrgTest" time="0.002"/>
  <testcase classname="pac2.OrgTest" name="modifyOrgTest" time="0.002"/>
</testsuite> <!-- Surefire test -->
